<?xml version="1.0" encoding="UTF-8"?>
<testsuite name="com.br.dddboilerplate.domain.services.DomainInvoiceServiceTest" tests="1" skipped="0" failures="0" errors="0" timestamp="2022-10-20T15:01:09" hostname="BR0C02FF8KHMD6M" time="0.032">
  <properties/>
  <testcase name="should be able to update an invoice status()" classname="com.br.dddboilerplate.domain.services.DomainInvoiceServiceTest" time="0.032"/>
  <system-out><![CDATA[]]></system-out>
  <system-err><![CDATA[]]></system-err>
</testsuite>
