<?xml version="1.0" encoding="UTF-8"?>
<testsuite name="com.br.dddbootstrap.Bootstrap.domain.InvoiceTest" tests="1" skipped="0" failures="0" errors="0" timestamp="2022-10-19T18:43:21" hostname="BR0C02FF8KHMD6M" time="0.018">
  <properties/>
  <testcase name="should be able to create an invoice()" classname="com.br.dddbootstrap.Bootstrap.domain.InvoiceTest" time="0.018"/>
  <system-out><![CDATA[]]></system-out>
  <system-err><![CDATA[]]></system-err>
</testsuite>
